{ dev: 16777218,
  mode: 33188,
  nlink: 1,
  uid: 501,
  gid: 20,
  rdev: 0,
  blksize: 4096,
  ino: 32345413,
  size: 155,
  blocks: 8,
  atime: Fri Mar 22 2013 11:41:04 GMT+0900 (JST),
  mtime: Tue Mar 19 2013 17:35:40 GMT+0900 (JST),
  ctime: Tue Mar 19 2013 17:35:40 GMT+0900 (JST) }
isFile: true
{ dev: 16777218,
  mode: 33188,
  nlink: 1,
  uid: 501,
  gid: 20,
  rdev: 0,
  blksize: 4096,
  ino: 32345413,
  size: 155,
  blocks: 8,
  atime: Fri Mar 22 2013 11:41:26 GMT+0900 (JST),
  mtime: Tue Mar 19 2013 17:35:40 GMT+0900 (JST),
  ctime: Tue Mar 19 2013 17:35:40 GMT+0900 (JST) }
isFile: true
{ dev: 16777218,
  mode: 33188,
  nlink: 1,
  uid: 501,
  gid: 20,
  rdev: 0,
  blksize: 4096,
  ino: 32345413,
  size: 155,
  blocks: 8,
  atime: Fri Mar 22 2013 11:41:34 GMT+0900 (JST),
  mtime: Tue Mar 19 2013 17:35:40 GMT+0900 (JST),
  ctime: Tue Mar 19 2013 17:35:40 GMT+0900 (JST) }
isFile: true
{ dev: 16777218,
  mode: 33261,
  nlink: 1,
  uid: 501,
  gid: 20,
  rdev: 0,
  blksize: 4096,
  ino: 32345413,
  size: 155,
  blocks: 8,
  atime: Fri Mar 22 2013 11:43:58 GMT+0900 (JST),
  mtime: Tue Mar 19 2013 17:35:40 GMT+0900 (JST),
  ctime: Fri Mar 22 2013 11:43:39 GMT+0900 (JST) }
isFile: true
{ dev: 16777218,
  mode: 33261,
  nlink: 1,
  uid: 501,
  gid: 20,
  rdev: 0,
  blksize: 4096,
  ino: 32345413,
  size: 155,
  blocks: 8,
  atime: Fri Mar 22 2013 11:44:26 GMT+0900 (JST),
  mtime: Tue Mar 19 2013 17:35:40 GMT+0900 (JST),
  ctime: Fri Mar 22 2013 11:43:39 GMT+0900 (JST) }
isFile: true
{ dev: 16777218,
  mode: 33261,
  nlink: 1,
  uid: 501,
  gid: 20,
  rdev: 0,
  blksize: 4096,
  ino: 32345413,
  size: 155,
  blocks: 8,
  atime: Fri Mar 22 2013 11:44:33 GMT+0900 (JST),
  mtime: Tue Mar 19 2013 17:35:40 GMT+0900 (JST),
  ctime: Fri Mar 22 2013 11:43:39 GMT+0900 (JST) }
isFile: true
